c:\users\y\source\repos\nbc_project_01\nbc_project_01\x64\debug\vc143.pdb
c:\users\y\source\repos\nbc_project_01\nbc_project_01\x64\debug\vc143.idb
c:\users\y\source\repos\nbc_project_01\nbc_project_01\x64\debug\zoo.obj
c:\users\y\source\repos\nbc_project_01\nbc_project_01\x64\debug\sortarray.obj
c:\users\y\source\repos\nbc_project_01\nbc_project_01\x64\debug\main.obj
c:\users\y\source\repos\nbc_project_01\nbc_project_01\x64\debug\dog.obj
c:\users\y\source\repos\nbc_project_01\nbc_project_01\x64\debug\cow.obj
c:\users\y\source\repos\nbc_project_01\nbc_project_01\x64\debug\cat.obj
c:\users\y\source\repos\nbc_project_01\nbc_project_01\x64\debug\animal.obj
c:\users\y\source\repos\nbc_project_01\x64\debug\nbc_project_01.pdb
c:\users\y\source\repos\nbc_project_01\nbc_project_01\x64\debug\nbc_project_01.tlog\cl.command.1.tlog
c:\users\y\source\repos\nbc_project_01\nbc_project_01\x64\debug\nbc_project_01.tlog\cl.read.1.tlog
c:\users\y\source\repos\nbc_project_01\nbc_project_01\x64\debug\nbc_project_01.tlog\cl.write.1.tlog
c:\users\y\source\repos\nbc_project_01\nbc_project_01\x64\debug\nbc_project_01.tlog\link-cvtres.read.1.tlog
c:\users\y\source\repos\nbc_project_01\nbc_project_01\x64\debug\nbc_project_01.tlog\link-cvtres.write.1.tlog
c:\users\y\source\repos\nbc_project_01\nbc_project_01\x64\debug\nbc_project_01.tlog\link-rc.read.1.tlog
c:\users\y\source\repos\nbc_project_01\nbc_project_01\x64\debug\nbc_project_01.tlog\link-rc.write.1.tlog
c:\users\y\source\repos\nbc_project_01\nbc_project_01\x64\debug\nbc_project_01.tlog\link.command.1.tlog
c:\users\y\source\repos\nbc_project_01\nbc_project_01\x64\debug\nbc_project_01.tlog\link.read.1.tlog
c:\users\y\source\repos\nbc_project_01\nbc_project_01\x64\debug\nbc_project_01.tlog\link.read.2.tlog
c:\users\y\source\repos\nbc_project_01\nbc_project_01\x64\debug\nbc_project_01.tlog\link.write.1.tlog
